<?xml version="1.0" encoding="UTF-8"?>
<testng-results ignored="0" total="1" passed="1" failed="0" skipped="0">
  <reporter-output>
  </reporter-output>
  <suite started-at="2022-10-17T16:19:31Z" name="in.v2solutions.hybrid.tests.TestRunner" finished-at="2022-10-17T16:19:31Z" duration-ms="431">
    <groups>
    </groups>
    <test started-at="2022-10-17T16:19:31Z" name="Command line test" finished-at="2022-10-17T16:19:31Z" duration-ms="431">
      <class name="in.v2solutions.hybrid.tests.TestRunner">
        <test-method signature="initilizeBrowser()[pri:0, instance:in.v2solutions.hybrid.tests.TestRunner@7113b13f]" started-at="2022-10-17T16:19:31Z" name="initilizeBrowser" finished-at="2022-10-17T16:19:31Z" duration-ms="425" status="PASS">
          <reporter-output>
          </reporter-output>
        </test-method> <!-- initilizeBrowser -->
      </class> <!-- in.v2solutions.hybrid.tests.TestRunner -->
    </test> <!-- Command line test -->
  </suite> <!-- in.v2solutions.hybrid.tests.TestRunner -->
</testng-results>
