<?xml version="1.0" encoding="UTF-8"?>
<!-- Generated by org.testng.reporters.JUnitXMLReporter -->
<testsuite hostname="Vishnu" name="Default test" tests="3" failures="1" timestamp="5 Nov 2022 17:37:14 GMT" time="4.127" errors="0">
  <testcase name="verify_ApproveVerbalVOIE" time="3.234" classname="in.v2solutions.hybrid.testcases.LG_BORROWER_01_Verify_ApproveVerbalVOIE">
    <failure type="java.lang.NullPointerException">
      <![CDATA[java.lang.NullPointerException
	at in.v2solutions.hybrid.util.Keywords.executeKeywords(Keywords.java:758)
	at in.v2solutions.hybrid.testcases.LG_BORROWER_01_Verify_ApproveVerbalVOIE.verify_ApproveVerbalVOIE(LG_BORROWER_01_Verify_ApproveVerbalVOIE.java:66)
	at sun.reflect.NativeMethodAccessorImpl.invoke0(Native Method)
	at sun.reflect.NativeMethodAccessorImpl.invoke(NativeMethodAccessorImpl.java:62)
	at sun.reflect.DelegatingMethodAccessorImpl.invoke(DelegatingMethodAccessorImpl.java:43)
	at java.lang.reflect.Method.invoke(Method.java:498)
	at org.testng.internal.MethodInvocationHelper.invokeMethod(MethodInvocationHelper.java:86)
	at org.testng.internal.Invoker.invokeMethod(Invoker.java:646)
	at org.testng.internal.Invoker.invokeTestMethod(Invoker.java:823)
	at org.testng.internal.Invoker.invokeTestMethods(Invoker.java:1131)
	at org.testng.internal.TestMethodWorker.invokeTestMethods(TestMethodWorker.java:129)
	at org.testng.internal.TestMethodWorker.run(TestMethodWorker.java:112)
	at org.testng.TestRunner.privateRun(TestRunner.java:778)
	at org.testng.TestRunner.run(TestRunner.java:632)
	at org.testng.SuiteRunner.runTest(SuiteRunner.java:366)
	at org.testng.SuiteRunner.runSequentially(SuiteRunner.java:361)
	at org.testng.SuiteRunner.privateRun(SuiteRunner.java:319)
	at org.testng.SuiteRunner.run(SuiteRunner.java:268)
	at org.testng.SuiteRunnerWorker.runSuite(SuiteRunnerWorker.java:52)
	at org.testng.SuiteRunnerWorker.run(SuiteRunnerWorker.java:86)
	at org.testng.TestNG.runSuitesSequentially(TestNG.java:1225)
	at org.testng.TestNG.runSuitesLocally(TestNG.java:1150)
	at org.testng.TestNG.runSuites(TestNG.java:1075)
	at org.testng.TestNG.run(TestNG.java:1047)
	at org.testng.remote.AbstractRemoteTestNG.run(AbstractRemoteTestNG.java:126)
	at org.testng.remote.RemoteTestNG.initAndRun(RemoteTestNG.java:137)
	at org.testng.remote.RemoteTestNG.main(RemoteTestNG.java:58)
]]>
    </failure>
  </testcase> <!-- verify_ApproveVerbalVOIE -->
  <testcase name="verify_ApproveVerbalVOIE" time="0.002" classname="in.v2solutions.hybrid.testcases.LG_BORROWER_01_Verify_ApproveVerbalVOIE">
    <skipped/>
  </testcase> <!-- verify_ApproveVerbalVOIE -->
  <testcase name="verify_ApproveVerbalVOIE" time="0.002" classname="in.v2solutions.hybrid.testcases.LG_BORROWER_01_Verify_ApproveVerbalVOIE">
    <skipped/>
  </testcase> <!-- verify_ApproveVerbalVOIE -->
</testsuite> <!-- Default test -->
