<?xml version="1.0" encoding="UTF-8"?>
<testng-results skipped="0" failed="0" total="1" passed="1">
  <reporter-output>
  </reporter-output>
  <suite name="Default suite" duration-ms="8932" started-at="2022-10-17T12:54:57Z" finished-at="2022-10-17T12:55:06Z">
    <groups>
    </groups>
    <test name="Default test" duration-ms="8932" started-at="2022-10-17T12:54:57Z" finished-at="2022-10-17T12:55:06Z">
      <class name="in.v2solutions.hybrid.tests.TestRunner">
        <test-method status="PASS" signature="initilizeBrowser()[pri:0, instance:in.v2solutions.hybrid.tests.TestRunner@148080bb]" name="initilizeBrowser" duration-ms="8903" started-at="2022-10-17T18:24:57Z" finished-at="2022-10-17T18:25:06Z">
          <reporter-output>
          </reporter-output>
        </test-method> <!-- initilizeBrowser -->
      </class> <!-- in.v2solutions.hybrid.tests.TestRunner -->
    </test> <!-- Default test -->
  </suite> <!-- Default suite -->
</testng-results>
